<?xml version="1.0" encoding="UTF-8"?>
<testng-results skipped="0" failed="0" ignored="0" total="1" passed="1">
  <reporter-output>
  </reporter-output>
  <suite name="Default suite" duration-ms="9087" started-at="2020-11-22T20:00:28 MST" finished-at="2020-11-22T20:00:37 MST">
    <groups>
    </groups>
    <test name="Default test" duration-ms="9087" started-at="2020-11-22T20:00:28 MST" finished-at="2020-11-22T20:00:37 MST">
      <class name="seleniumDemo.BrowserTest">
        <test-method status="PASS" signature="browserTest()[pri:0, instance:seleniumDemo.BrowserTest@5e853265]" name="browserTest" duration-ms="9012" started-at="2020-11-22T20:00:28 MST" finished-at="2020-11-22T20:00:37 MST">
          <reporter-output>
          </reporter-output>
        </test-method> <!-- browserTest -->
      </class> <!-- seleniumDemo.BrowserTest -->
    </test> <!-- Default test -->
  </suite> <!-- Default suite -->
</testng-results>
