<?xml version="1.0" encoding="UTF-8"?>
<!-- Generated by org.testng.reporters.JUnitXMLReporter -->
<testsuite hostname="LAPTOP-FF4L5OJ9" ignored="0" name="Test" tests="3" failures="0" timestamp="2020-10-27T18:51:16 PDT" time="78.178" errors="0">
  <testcase name="createLead" time="5.928" classname="dataExcelInteTestCase.createLeads"/>
  <testcase name="createLead" time="5.31" classname="dataExcelInteTestCase.createLeads"/>
  <testcase name="createLead" time="5.139" classname="dataExcelInteTestCase.createLeads"/>
</testsuite> <!-- Test -->
